0 info it worked if it ends with ok
1 verbose cli [ 'c:\\64programs\\nodejs\\node.exe',
1 verbose cli   'c:\\64programs\\nodejs\\node_modules\\npm\\bin\\npm-cli.js',
1 verbose cli   'start' ]
2 info using npm@2.14.7
3 info using node@v4.2.2
4 verbose run-script [ 'prestart', 'start', 'poststart' ]
5 info prestart alt-tutorial@1.0.0
6 info start alt-tutorial@1.0.0
7 verbose unsafe-perm in lifecycle true
8 info alt-tutorial@1.0.0 Failed to exec start script
9 verbose stack Error: alt-tutorial@1.0.0 start: `npm run build && open 'index.html' `
9 verbose stack Exit status 1
9 verbose stack     at EventEmitter.<anonymous> (c:\64programs\nodejs\node_modules\npm\lib\utils\lifecycle.js:214:16)
9 verbose stack     at emitTwo (events.js:87:13)
9 verbose stack     at EventEmitter.emit (events.js:172:7)
9 verbose stack     at ChildProcess.<anonymous> (c:\64programs\nodejs\node_modules\npm\lib\utils\spawn.js:24:14)
9 verbose stack     at emitTwo (events.js:87:13)
9 verbose stack     at ChildProcess.emit (events.js:172:7)
9 verbose stack     at maybeClose (internal/child_process.js:818:16)
9 verbose stack     at Process.ChildProcess._handle.onexit (internal/child_process.js:211:5)
10 verbose pkgid alt-tutorial@1.0.0
11 verbose cwd f:\Vic\Desktop\Github\Boilerplates\flux-via-alt-site
12 error Windows_NT 6.1.7601
13 error argv "c:\\64programs\\nodejs\\node.exe" "c:\\64programs\\nodejs\\node_modules\\npm\\bin\\npm-cli.js" "start"
14 error node v4.2.2
15 error npm  v2.14.7
16 error code ELIFECYCLE
17 error alt-tutorial@1.0.0 start: `npm run build && open 'index.html' `
17 error Exit status 1
18 error Failed at the alt-tutorial@1.0.0 start script 'npm run build && open 'index.html' '.
18 error This is most likely a problem with the alt-tutorial package,
18 error not with npm itself.
18 error Tell the author that this fails on your system:
18 error     npm run build && open 'index.html'
18 error You can get their info via:
18 error     npm owner ls alt-tutorial
18 error There is likely additional logging output above.
19 verbose exit [ 1, true ]
